[     315ms] TypeError: Cannot read properties of undefined (reading 'split')
    at getGradient (http://localhost:5173/src/components/ui/Avatar.tsx:29:21)
    at Avatar (http://localhost:5173/src/components/ui/Avatar.tsx:43:20)
    at renderWithHooks (http://localhost:5173/node_modules/.vite/deps/chunk-WERSD76P.js?v=6ca20c62:11548:26)
    at mountIndeterminateComponent (http://localhost:5173/node_modules/.vite/deps/chunk-WERSD76P.js?v=6ca20c62:14926:21)
    at beginWork (http://localhost:5173/node_modules/.vite/deps/chunk-WERSD76P.js?v=6ca20c62:15914:22)
    at HTMLUnknownElement.callCallback2 (http://localhost:5173/node_modules/.vite/deps/chunk-WERSD76P.js?v=6ca20c62:3674:22)
    at Object.invokeGuardedCallbackDev (http://localhost:5173/node_modules/.vite/deps/chunk-WERSD76P.js?v=6ca20c62:3699:24)
    at invokeGuardedCallback (http://localhost:5173/node_modules/.vite/deps/chunk-WERSD76P.js?v=6ca20c62:3733:39)
    at beginWork$1 (http://localhost:5173/node_modules/.vite/deps/chunk-WERSD76P.js?v=6ca20c62:19765:15)
    at performUnitOfWork (http://localhost:5173/node_modules/.vite/deps/chunk-WERSD76P.js?v=6ca20c62:19198:20)
[     316ms] TypeError: Cannot read properties of undefined (reading 'split')
    at getGradient (http://localhost:5173/src/components/ui/Avatar.tsx:29:21)
    at Avatar (http://localhost:5173/src/components/ui/Avatar.tsx:43:20)
    at renderWithHooks (http://localhost:5173/node_modules/.vite/deps/chunk-WERSD76P.js?v=6ca20c62:11548:26)
    at mountIndeterminateComponent (http://localhost:5173/node_modules/.vite/deps/chunk-WERSD76P.js?v=6ca20c62:14926:21)
    at beginWork (http://localhost:5173/node_modules/.vite/deps/chunk-WERSD76P.js?v=6ca20c62:15914:22)
    at HTMLUnknownElement.callCallback2 (http://localhost:5173/node_modules/.vite/deps/chunk-WERSD76P.js?v=6ca20c62:3674:22)
    at Object.invokeGuardedCallbackDev (http://localhost:5173/node_modules/.vite/deps/chunk-WERSD76P.js?v=6ca20c62:3699:24)
    at invokeGuardedCallback (http://localhost:5173/node_modules/.vite/deps/chunk-WERSD76P.js?v=6ca20c62:3733:39)
    at beginWork$1 (http://localhost:5173/node_modules/.vite/deps/chunk-WERSD76P.js?v=6ca20c62:19765:15)
    at performUnitOfWork (http://localhost:5173/node_modules/.vite/deps/chunk-WERSD76P.js?v=6ca20c62:19198:20)
[     237ms] [ERROR] Error handled by React Router default ErrorBoundary: TypeError: Cannot read properties of undefined (reading 'split')
    at getGradient (http://localhost:5173/src/components/ui/Avatar.tsx:29:21)
    at Avatar (http://localhost:5173/src/components/ui/Avatar.tsx:43:20)
    at renderWithHooks (http://localhost:5173/node_modules/.vite/deps/chunk-WERSD76P.js?v=6ca20c62:11548:26)
    at mountIndeterminateComponent (http://localhost:5173/node_modules/.vite/deps/chunk-WERSD76P.js?v=6ca20c62:14926:21)
    at beginWork (http://localhost:5173/node_modules/.vite/deps/chunk-WERSD76P.js?v=6ca20c62:15914:22)
    at beginWork$1 (http://localhost:5173/node_modules/.vite/deps/chunk-WERSD76P.js?v=6ca20c62:19753:22)
    at performUnitOfWork (http://localhost:5173/node_modules/.vite/deps/chunk-WERSD76P.js?v=6ca20c62:19198:20)
    at workLoopSync (http://localhost:5173/node_modules/.vite/deps/chunk-WERSD76P.js?v=6ca20c62:19137:13)
    at renderRootSync (http://localhost:5173/node_modules/.vite/deps/chunk-WERSD76P.js?v=6ca20c62:19116:15)
    at performConcurrentWorkOnRoot (http://localhost:5173/node_modules/.vite/deps/chunk-WERSD76P.js?v=6ca20c62:18678:83) @ http://localhost:5173/node_modules/.vite/deps/react-router-dom.js?v=6ca20c62:4072
[     237ms] [ERROR] Error handled by React Router default ErrorBoundary: TypeError: Cannot read properties of undefined (reading 'split')
    at getGradient (http://localhost:5173/src/components/ui/Avatar.tsx:29:21)
    at Avatar (http://localhost:5173/src/components/ui/Avatar.tsx:43:20)
    at renderWithHooks (http://localhost:5173/node_modules/.vite/deps/chunk-WERSD76P.js?v=6ca20c62:11548:26)
    at mountIndeterminateComponent (http://localhost:5173/node_modules/.vite/deps/chunk-WERSD76P.js?v=6ca20c62:14926:21)
    at beginWork (http://localhost:5173/node_modules/.vite/deps/chunk-WERSD76P.js?v=6ca20c62:15914:22)
    at beginWork$1 (http://localhost:5173/node_modules/.vite/deps/chunk-WERSD76P.js?v=6ca20c62:19753:22)
    at performUnitOfWork (http://localhost:5173/node_modules/.vite/deps/chunk-WERSD76P.js?v=6ca20c62:19198:20)
    at workLoopSync (http://localhost:5173/node_modules/.vite/deps/chunk-WERSD76P.js?v=6ca20c62:19137:13)
    at renderRootSync (http://localhost:5173/node_modules/.vite/deps/chunk-WERSD76P.js?v=6ca20c62:19116:15)
    at performConcurrentWorkOnRoot (http://localhost:5173/node_modules/.vite/deps/chunk-WERSD76P.js?v=6ca20c62:18678:83) @ http://localhost:5173/node_modules/.vite/deps/react-router-dom.js?v=6ca20c62:4072
[     320ms] TypeError: Cannot read properties of undefined (reading 'split')
    at getGradient (http://localhost:5173/src/components/ui/Avatar.tsx:29:21)
    at Avatar (http://localhost:5173/src/components/ui/Avatar.tsx:43:20)
    at renderWithHooks (http://localhost:5173/node_modules/.vite/deps/chunk-WERSD76P.js?v=6ca20c62:11548:26)
    at mountIndeterminateComponent (http://localhost:5173/node_modules/.vite/deps/chunk-WERSD76P.js?v=6ca20c62:14926:21)
    at beginWork (http://localhost:5173/node_modules/.vite/deps/chunk-WERSD76P.js?v=6ca20c62:15914:22)
    at HTMLUnknownElement.callCallback2 (http://localhost:5173/node_modules/.vite/deps/chunk-WERSD76P.js?v=6ca20c62:3674:22)
    at Object.invokeGuardedCallbackDev (http://localhost:5173/node_modules/.vite/deps/chunk-WERSD76P.js?v=6ca20c62:3699:24)
    at invokeGuardedCallback (http://localhost:5173/node_modules/.vite/deps/chunk-WERSD76P.js?v=6ca20c62:3733:39)
    at beginWork$1 (http://localhost:5173/node_modules/.vite/deps/chunk-WERSD76P.js?v=6ca20c62:19765:15)
    at performUnitOfWork (http://localhost:5173/node_modules/.vite/deps/chunk-WERSD76P.js?v=6ca20c62:19198:20)
[     320ms] TypeError: Cannot read properties of undefined (reading 'split')
    at getGradient (http://localhost:5173/src/components/ui/Avatar.tsx:29:21)
    at Avatar (http://localhost:5173/src/components/ui/Avatar.tsx:43:20)
    at renderWithHooks (http://localhost:5173/node_modules/.vite/deps/chunk-WERSD76P.js?v=6ca20c62:11548:26)
    at mountIndeterminateComponent (http://localhost:5173/node_modules/.vite/deps/chunk-WERSD76P.js?v=6ca20c62:14926:21)
    at beginWork (http://localhost:5173/node_modules/.vite/deps/chunk-WERSD76P.js?v=6ca20c62:15914:22)
    at HTMLUnknownElement.callCallback2 (http://localhost:5173/node_modules/.vite/deps/chunk-WERSD76P.js?v=6ca20c62:3674:22)
    at Object.invokeGuardedCallbackDev (http://localhost:5173/node_modules/.vite/deps/chunk-WERSD76P.js?v=6ca20c62:3699:24)
    at invokeGuardedCallback (http://localhost:5173/node_modules/.vite/deps/chunk-WERSD76P.js?v=6ca20c62:3733:39)
    at beginWork$1 (http://localhost:5173/node_modules/.vite/deps/chunk-WERSD76P.js?v=6ca20c62:19765:15)
    at performUnitOfWork (http://localhost:5173/node_modules/.vite/deps/chunk-WERSD76P.js?v=6ca20c62:19198:20)
[     247ms] [ERROR] Error handled by React Router default ErrorBoundary: TypeError: Cannot read properties of undefined (reading 'split')
    at getGradient (http://localhost:5173/src/components/ui/Avatar.tsx:29:21)
    at Avatar (http://localhost:5173/src/components/ui/Avatar.tsx:43:20)
    at renderWithHooks (http://localhost:5173/node_modules/.vite/deps/chunk-WERSD76P.js?v=6ca20c62:11548:26)
    at mountIndeterminateComponent (http://localhost:5173/node_modules/.vite/deps/chunk-WERSD76P.js?v=6ca20c62:14926:21)
    at beginWork (http://localhost:5173/node_modules/.vite/deps/chunk-WERSD76P.js?v=6ca20c62:15914:22)
    at beginWork$1 (http://localhost:5173/node_modules/.vite/deps/chunk-WERSD76P.js?v=6ca20c62:19753:22)
    at performUnitOfWork (http://localhost:5173/node_modules/.vite/deps/chunk-WERSD76P.js?v=6ca20c62:19198:20)
    at workLoopSync (http://localhost:5173/node_modules/.vite/deps/chunk-WERSD76P.js?v=6ca20c62:19137:13)
    at renderRootSync (http://localhost:5173/node_modules/.vite/deps/chunk-WERSD76P.js?v=6ca20c62:19116:15)
    at recoverFromConcurrentError (http://localhost:5173/node_modules/.vite/deps/chunk-WERSD76P.js?v=6ca20c62:18736:28) @ http://localhost:5173/node_modules/.vite/deps/react-router-dom.js?v=6ca20c62:4072
[     247ms] [ERROR] Error handled by React Router default ErrorBoundary: TypeError: Cannot read properties of undefined (reading 'split')
    at getGradient (http://localhost:5173/src/components/ui/Avatar.tsx:29:21)
    at Avatar (http://localhost:5173/src/components/ui/Avatar.tsx:43:20)
    at renderWithHooks (http://localhost:5173/node_modules/.vite/deps/chunk-WERSD76P.js?v=6ca20c62:11548:26)
    at mountIndeterminateComponent (http://localhost:5173/node_modules/.vite/deps/chunk-WERSD76P.js?v=6ca20c62:14926:21)
    at beginWork (http://localhost:5173/node_modules/.vite/deps/chunk-WERSD76P.js?v=6ca20c62:15914:22)
    at beginWork$1 (http://localhost:5173/node_modules/.vite/deps/chunk-WERSD76P.js?v=6ca20c62:19753:22)
    at performUnitOfWork (http://localhost:5173/node_modules/.vite/deps/chunk-WERSD76P.js?v=6ca20c62:19198:20)
    at workLoopSync (http://localhost:5173/node_modules/.vite/deps/chunk-WERSD76P.js?v=6ca20c62:19137:13)
    at renderRootSync (http://localhost:5173/node_modules/.vite/deps/chunk-WERSD76P.js?v=6ca20c62:19116:15)
    at recoverFromConcurrentError (http://localhost:5173/node_modules/.vite/deps/chunk-WERSD76P.js?v=6ca20c62:18736:28) @ http://localhost:5173/node_modules/.vite/deps/react-router-dom.js?v=6ca20c62:4072
[     248ms] [ERROR] The above error occurred in the <Avatar> component:

    at Avatar (http://localhost:5173/src/components/ui/Avatar.tsx:41:26)
    at div
    at div
    at div
    at SidebarContent (http://localhost:5173/src/components/layout/AppLayout.tsx:309:3)
    at aside
    at MotionComponent (http://localhost:5173/node_modules/.vite/deps/framer-motion.js?v=6ca20c62:945:40)
    at div
    at AppLayout (http://localhost:5173/src/components/layout/AppLayout.tsx:653:20)
    at ProtectedRoute (http://localhost:5173/src/components/layout/ProtectedRoute.tsx:20:42)
    at RenderedRoute (http://localhost:5173/node_modules/.vite/deps/react-router-dom.js?v=6ca20c62:4131:5)
    at RenderErrorBoundary (http://localhost:5173/node_modules/.vite/deps/react-router-dom.js?v=6ca20c62:4091:5)
    at DataRoutes (http://localhost:5173/node_modules/.vite/deps/react-router-dom.js?v=6ca20c62:5282:5)
    at Router (http://localhost:5173/node_modules/.vite/deps/react-router-dom.js?v=6ca20c62:4544:15)
    at RouterProvider (http://localhost:5173/node_modules/.vite/deps/react-router-dom.js?v=6ca20c62:5096:5)
    at QueryClientProvider (http://localhost:5173/node_modules/.vite/deps/@tanstack_react-query.js?v=6ca20c62:3168:3)

React will try to recreate this component tree from scratch using the error boundary you provided, RenderErrorBoundary. @ http://localhost:5173/node_modules/.vite/deps/chunk-WERSD76P.js?v=6ca20c62:14031
[     248ms] [ERROR] React Router caught the following error during render TypeError: Cannot read properties of undefined (reading 'split')
    at getGradient (http://localhost:5173/src/components/ui/Avatar.tsx:29:21)
    at Avatar (http://localhost:5173/src/components/ui/Avatar.tsx:43:20)
    at renderWithHooks (http://localhost:5173/node_modules/.vite/deps/chunk-WERSD76P.js?v=6ca20c62:11548:26)
    at mountIndeterminateComponent (http://localhost:5173/node_modules/.vite/deps/chunk-WERSD76P.js?v=6ca20c62:14926:21)
    at beginWork (http://localhost:5173/node_modules/.vite/deps/chunk-WERSD76P.js?v=6ca20c62:15914:22)
    at beginWork$1 (http://localhost:5173/node_modules/.vite/deps/chunk-WERSD76P.js?v=6ca20c62:19753:22)
    at performUnitOfWork (http://localhost:5173/node_modules/.vite/deps/chunk-WERSD76P.js?v=6ca20c62:19198:20)
    at workLoopSync (http://localhost:5173/node_modules/.vite/deps/chunk-WERSD76P.js?v=6ca20c62:19137:13)
    at renderRootSync (http://localhost:5173/node_modules/.vite/deps/chunk-WERSD76P.js?v=6ca20c62:19116:15)
    at recoverFromConcurrentError (http://localhost:5173/node_modules/.vite/deps/chunk-WERSD76P.js?v=6ca20c62:18736:28) {componentStack: 
    at Avatar (http://localhost:5173/src/componen…/deps/@tanstack_react-query.js?v=6ca20c62:3168:3)} @ http://localhost:5173/node_modules/.vite/deps/react-router-dom.js?v=6ca20c62:4117
[     249ms] [ERROR] The above error occurred in the <Avatar> component:

    at Avatar (http://localhost:5173/src/components/ui/Avatar.tsx:41:26)
    at button
    at div
    at AvatarDropdown (http://localhost:5173/src/components/layout/AppLayout.tsx:143:27)
    at div
    at header
    at div
    at div
    at AppLayout (http://localhost:5173/src/components/layout/AppLayout.tsx:653:20)
    at ProtectedRoute (http://localhost:5173/src/components/layout/ProtectedRoute.tsx:20:42)
    at RenderedRoute (http://localhost:5173/node_modules/.vite/deps/react-router-dom.js?v=6ca20c62:4131:5)
    at RenderErrorBoundary (http://localhost:5173/node_modules/.vite/deps/react-router-dom.js?v=6ca20c62:4091:5)
    at DataRoutes (http://localhost:5173/node_modules/.vite/deps/react-router-dom.js?v=6ca20c62:5282:5)
    at Router (http://localhost:5173/node_modules/.vite/deps/react-router-dom.js?v=6ca20c62:4544:15)
    at RouterProvider (http://localhost:5173/node_modules/.vite/deps/react-router-dom.js?v=6ca20c62:5096:5)
    at QueryClientProvider (http://localhost:5173/node_modules/.vite/deps/@tanstack_react-query.js?v=6ca20c62:3168:3)

React will try to recreate this component tree from scratch using the error boundary you provided, RenderErrorBoundary. @ http://localhost:5173/node_modules/.vite/deps/chunk-WERSD76P.js?v=6ca20c62:14031
[     249ms] [ERROR] React Router caught the following error during render TypeError: Cannot read properties of undefined (reading 'split')
    at getGradient (http://localhost:5173/src/components/ui/Avatar.tsx:29:21)
    at Avatar (http://localhost:5173/src/components/ui/Avatar.tsx:43:20)
    at renderWithHooks (http://localhost:5173/node_modules/.vite/deps/chunk-WERSD76P.js?v=6ca20c62:11548:26)
    at mountIndeterminateComponent (http://localhost:5173/node_modules/.vite/deps/chunk-WERSD76P.js?v=6ca20c62:14926:21)
    at beginWork (http://localhost:5173/node_modules/.vite/deps/chunk-WERSD76P.js?v=6ca20c62:15914:22)
    at beginWork$1 (http://localhost:5173/node_modules/.vite/deps/chunk-WERSD76P.js?v=6ca20c62:19753:22)
    at performUnitOfWork (http://localhost:5173/node_modules/.vite/deps/chunk-WERSD76P.js?v=6ca20c62:19198:20)
    at workLoopSync (http://localhost:5173/node_modules/.vite/deps/chunk-WERSD76P.js?v=6ca20c62:19137:13)
    at renderRootSync (http://localhost:5173/node_modules/.vite/deps/chunk-WERSD76P.js?v=6ca20c62:19116:15)
    at recoverFromConcurrentError (http://localhost:5173/node_modules/.vite/deps/chunk-WERSD76P.js?v=6ca20c62:18736:28) {componentStack: 
    at Avatar (http://localhost:5173/src/componen…/deps/@tanstack_react-query.js?v=6ca20c62:3168:3)} @ http://localhost:5173/node_modules/.vite/deps/react-router-dom.js?v=6ca20c62:4117
[     301ms] [WARNING] ⚠️ React Router Future Flag Warning: React Router will begin wrapping state updates in `React.startTransition` in v7. You can use the `v7_startTransition` future flag to opt-in early. For more information, see https://reactrouter.com/v6/upgrading/future#v7_starttransition. @ http://localhost:5173/node_modules/.vite/deps/react-router-dom.js?v=6ca20c62:4435
