[     421ms] [WARNING] ⚠️ React Router Future Flag Warning: React Router will begin wrapping state updates in `React.startTransition` in v7. You can use the `v7_startTransition` future flag to opt-in early. For more information, see https://reactrouter.com/v6/upgrading/future#v7_starttransition. @ http://localhost:3000/node_modules/.vite/deps/react-router-dom.js?v=49ab96c3:4435
[     463ms] [ERROR] Failed to load resource: the server responded with a status of 401 (Unauthorized) @ http://localhost:3000/api/v1/centers:0
[     467ms] [ERROR] Failed to load resource: the server responded with a status of 401 (Unauthorized) @ http://localhost:3000/api/v1/notifications/inapp?size=50&sort=createdAt,desc:0
[     472ms] [ERROR] Failed to load resource: the server responded with a status of 401 (Unauthorized) @ http://localhost:3000/api/v1/notifications/stream:0
[     472ms] [ERROR] Failed to load resource: the server responded with a status of 401 (Unauthorized) @ http://localhost:3000/api/v1/notifications/inapp?size=50&sort=createdAt,desc:0
[     784ms] [ERROR] Warning: Each child in a list should have a unique "key" prop.%s%s See https://reactjs.org/link/warning-keys for more information.%s 

Check the render method of `MyExamsTable`.  
    at MyExamsTable (http://localhost:3000/src/pages/mentor-portal/MentorPortalExamsPage.tsx?t=1773311878555:1363:39)
    at div
    at div
    at MotionComponent (http://localhost:3000/node_modules/.vite/deps/framer-motion.js?v=1ef57048:945:40)
    at MentorPortalExamsPage (http://localhost:3000/src/pages/mentor-portal/MentorPortalExamsPage.tsx?t=1773311878555:1676:16)
    at RenderedRoute (http://localhost:3000/node_modules/.vite/deps/react-router-dom.js?v=49ab96c3:4131:5)
    at Outlet (http://localhost:3000/node_modules/.vite/deps/react-router-dom.js?v=49ab96c3:4537:26)
    at div
    at main
    at div
    at div
    at AppLayout (http://localhost:3000/src/components/layout/AppLayout.tsx?t=1773315356226:691:20)
    at ProtectedRoute (http://localhost:3000/src/components/layout/ProtectedRoute.tsx:20:42)
    at RenderedRoute (http://localhost:3000/node_modules/.vite/deps/react-router-dom.js?v=49ab96c3:4131:5)
    at RenderErrorBoundary (http://localhost:3000/node_modules/.vite/deps/react-router-dom.js?v=49ab96c3:4091:5)
    at DataRoutes (http://localhost:3000/node_modules/.vite/deps/react-router-dom.js?v=49ab96c3:5282:5)
    at Router (http://localhost:3000/node_modules/.vite/deps/react-router-dom.js?v=49ab96c3:4544:15)
    at RouterProvider (http://localhost:3000/node_modules/.vite/deps/react-router-dom.js?v=49ab96c3:5096:5)
    at QueryClientProvider (http://localhost:3000/node_modules/.vite/deps/@tanstack_react-query.js?v=56044aee:3168:3) @ http://localhost:3000/node_modules/.vite/deps/react_jsx-dev-runtime.js?v=a66d2276:63
[   55095ms] [ERROR] Failed to load resource: the server responded with a status of 422 (Unprocessable Entity) @ http://localhost:3000/api/v1/auth/login:0
