[     249ms] [WARNING] ⚠️ React Router Future Flag Warning: React Router will begin wrapping state updates in `React.startTransition` in v7. You can use the `v7_startTransition` future flag to opt-in early. For more information, see https://reactrouter.com/v6/upgrading/future#v7_starttransition. @ http://localhost:3000/node_modules/.vite/deps/react-router-dom.js?v=6ca20c62:4435
[   82665ms] TypeError: questions.map is not a function
    at ExamPage (http://localhost:3000/src/pages/assessments/ExamPage.tsx:709:102)
    at renderWithHooks (http://localhost:3000/node_modules/.vite/deps/chunk-WERSD76P.js?v=6ca20c62:11548:26)
    at updateFunctionComponent (http://localhost:3000/node_modules/.vite/deps/chunk-WERSD76P.js?v=6ca20c62:14582:28)
    at beginWork (http://localhost:3000/node_modules/.vite/deps/chunk-WERSD76P.js?v=6ca20c62:15924:22)
    at HTMLUnknownElement.callCallback2 (http://localhost:3000/node_modules/.vite/deps/chunk-WERSD76P.js?v=6ca20c62:3674:22)
    at Object.invokeGuardedCallbackDev (http://localhost:3000/node_modules/.vite/deps/chunk-WERSD76P.js?v=6ca20c62:3699:24)
    at invokeGuardedCallback (http://localhost:3000/node_modules/.vite/deps/chunk-WERSD76P.js?v=6ca20c62:3733:39)
    at beginWork$1 (http://localhost:3000/node_modules/.vite/deps/chunk-WERSD76P.js?v=6ca20c62:19765:15)
    at performUnitOfWork (http://localhost:3000/node_modules/.vite/deps/chunk-WERSD76P.js?v=6ca20c62:19198:20)
    at workLoopSync (http://localhost:3000/node_modules/.vite/deps/chunk-WERSD76P.js?v=6ca20c62:19137:13)
[   82630ms] [ERROR] Error handled by React Router default ErrorBoundary: TypeError: questions.map is not a function
    at ExamPage (http://localhost:3000/src/pages/assessments/ExamPage.tsx:709:102)
    at renderWithHooks (http://localhost:3000/node_modules/.vite/deps/chunk-WERSD76P.js?v=6ca20c62:11548:26)
    at updateFunctionComponent (http://localhost:3000/node_modules/.vite/deps/chunk-WERSD76P.js?v=6ca20c62:14582:28)
    at beginWork (http://localhost:3000/node_modules/.vite/deps/chunk-WERSD76P.js?v=6ca20c62:15924:22)
    at beginWork$1 (http://localhost:3000/node_modules/.vite/deps/chunk-WERSD76P.js?v=6ca20c62:19753:22)
    at performUnitOfWork (http://localhost:3000/node_modules/.vite/deps/chunk-WERSD76P.js?v=6ca20c62:19198:20)
    at workLoopSync (http://localhost:3000/node_modules/.vite/deps/chunk-WERSD76P.js?v=6ca20c62:19137:13)
    at renderRootSync (http://localhost:3000/node_modules/.vite/deps/chunk-WERSD76P.js?v=6ca20c62:19116:15)
    at performSyncWorkOnRoot (http://localhost:3000/node_modules/.vite/deps/chunk-WERSD76P.js?v=6ca20c62:18874:28)
    at flushSyncCallbacks (http://localhost:3000/node_modules/.vite/deps/chunk-WERSD76P.js?v=6ca20c62:9119:30) @ http://localhost:3000/node_modules/.vite/deps/react-router-dom.js?v=6ca20c62:4072
[   82630ms] [ERROR] Error handled by React Router default ErrorBoundary: TypeError: questions.map is not a function
    at ExamPage (http://localhost:3000/src/pages/assessments/ExamPage.tsx:709:102)
    at renderWithHooks (http://localhost:3000/node_modules/.vite/deps/chunk-WERSD76P.js?v=6ca20c62:11548:26)
    at updateFunctionComponent (http://localhost:3000/node_modules/.vite/deps/chunk-WERSD76P.js?v=6ca20c62:14582:28)
    at beginWork (http://localhost:3000/node_modules/.vite/deps/chunk-WERSD76P.js?v=6ca20c62:15924:22)
    at beginWork$1 (http://localhost:3000/node_modules/.vite/deps/chunk-WERSD76P.js?v=6ca20c62:19753:22)
    at performUnitOfWork (http://localhost:3000/node_modules/.vite/deps/chunk-WERSD76P.js?v=6ca20c62:19198:20)
    at workLoopSync (http://localhost:3000/node_modules/.vite/deps/chunk-WERSD76P.js?v=6ca20c62:19137:13)
    at renderRootSync (http://localhost:3000/node_modules/.vite/deps/chunk-WERSD76P.js?v=6ca20c62:19116:15)
    at performSyncWorkOnRoot (http://localhost:3000/node_modules/.vite/deps/chunk-WERSD76P.js?v=6ca20c62:18874:28)
    at flushSyncCallbacks (http://localhost:3000/node_modules/.vite/deps/chunk-WERSD76P.js?v=6ca20c62:9119:30) @ http://localhost:3000/node_modules/.vite/deps/react-router-dom.js?v=6ca20c62:4072
[   82666ms] TypeError: questions.map is not a function
    at ExamPage (http://localhost:3000/src/pages/assessments/ExamPage.tsx:709:102)
    at renderWithHooks (http://localhost:3000/node_modules/.vite/deps/chunk-WERSD76P.js?v=6ca20c62:11548:26)
    at updateFunctionComponent (http://localhost:3000/node_modules/.vite/deps/chunk-WERSD76P.js?v=6ca20c62:14582:28)
    at beginWork (http://localhost:3000/node_modules/.vite/deps/chunk-WERSD76P.js?v=6ca20c62:15924:22)
    at HTMLUnknownElement.callCallback2 (http://localhost:3000/node_modules/.vite/deps/chunk-WERSD76P.js?v=6ca20c62:3674:22)
    at Object.invokeGuardedCallbackDev (http://localhost:3000/node_modules/.vite/deps/chunk-WERSD76P.js?v=6ca20c62:3699:24)
    at invokeGuardedCallback (http://localhost:3000/node_modules/.vite/deps/chunk-WERSD76P.js?v=6ca20c62:3733:39)
    at beginWork$1 (http://localhost:3000/node_modules/.vite/deps/chunk-WERSD76P.js?v=6ca20c62:19765:15)
    at performUnitOfWork (http://localhost:3000/node_modules/.vite/deps/chunk-WERSD76P.js?v=6ca20c62:19198:20)
    at workLoopSync (http://localhost:3000/node_modules/.vite/deps/chunk-WERSD76P.js?v=6ca20c62:19137:13)
[   82632ms] [ERROR] Error handled by React Router default ErrorBoundary: TypeError: questions.map is not a function
    at ExamPage (http://localhost:3000/src/pages/assessments/ExamPage.tsx:709:102)
    at renderWithHooks (http://localhost:3000/node_modules/.vite/deps/chunk-WERSD76P.js?v=6ca20c62:11548:26)
    at updateFunctionComponent (http://localhost:3000/node_modules/.vite/deps/chunk-WERSD76P.js?v=6ca20c62:14582:28)
    at beginWork (http://localhost:3000/node_modules/.vite/deps/chunk-WERSD76P.js?v=6ca20c62:15924:22)
    at beginWork$1 (http://localhost:3000/node_modules/.vite/deps/chunk-WERSD76P.js?v=6ca20c62:19753:22)
    at performUnitOfWork (http://localhost:3000/node_modules/.vite/deps/chunk-WERSD76P.js?v=6ca20c62:19198:20)
    at workLoopSync (http://localhost:3000/node_modules/.vite/deps/chunk-WERSD76P.js?v=6ca20c62:19137:13)
    at renderRootSync (http://localhost:3000/node_modules/.vite/deps/chunk-WERSD76P.js?v=6ca20c62:19116:15)
    at recoverFromConcurrentError (http://localhost:3000/node_modules/.vite/deps/chunk-WERSD76P.js?v=6ca20c62:18736:28)
    at performSyncWorkOnRoot (http://localhost:3000/node_modules/.vite/deps/chunk-WERSD76P.js?v=6ca20c62:18879:28) @ http://localhost:3000/node_modules/.vite/deps/react-router-dom.js?v=6ca20c62:4072
[   82632ms] [ERROR] Error handled by React Router default ErrorBoundary: TypeError: questions.map is not a function
    at ExamPage (http://localhost:3000/src/pages/assessments/ExamPage.tsx:709:102)
    at renderWithHooks (http://localhost:3000/node_modules/.vite/deps/chunk-WERSD76P.js?v=6ca20c62:11548:26)
    at updateFunctionComponent (http://localhost:3000/node_modules/.vite/deps/chunk-WERSD76P.js?v=6ca20c62:14582:28)
    at beginWork (http://localhost:3000/node_modules/.vite/deps/chunk-WERSD76P.js?v=6ca20c62:15924:22)
    at beginWork$1 (http://localhost:3000/node_modules/.vite/deps/chunk-WERSD76P.js?v=6ca20c62:19753:22)
    at performUnitOfWork (http://localhost:3000/node_modules/.vite/deps/chunk-WERSD76P.js?v=6ca20c62:19198:20)
    at workLoopSync (http://localhost:3000/node_modules/.vite/deps/chunk-WERSD76P.js?v=6ca20c62:19137:13)
    at renderRootSync (http://localhost:3000/node_modules/.vite/deps/chunk-WERSD76P.js?v=6ca20c62:19116:15)
    at recoverFromConcurrentError (http://localhost:3000/node_modules/.vite/deps/chunk-WERSD76P.js?v=6ca20c62:18736:28)
    at performSyncWorkOnRoot (http://localhost:3000/node_modules/.vite/deps/chunk-WERSD76P.js?v=6ca20c62:18879:28) @ http://localhost:3000/node_modules/.vite/deps/react-router-dom.js?v=6ca20c62:4072
[   82633ms] [ERROR] The above error occurred in the <ExamPage> component:

    at ExamPage (http://localhost:3000/src/pages/assessments/ExamPage.tsx:346:22)
    at RenderedRoute (http://localhost:3000/node_modules/.vite/deps/react-router-dom.js?v=6ca20c62:4131:5)
    at Outlet (http://localhost:3000/node_modules/.vite/deps/react-router-dom.js?v=6ca20c62:4537:26)
    at div
    at main
    at div
    at div
    at AppLayout (http://localhost:3000/src/components/layout/AppLayout.tsx:652:20)
    at ProtectedRoute (http://localhost:3000/src/components/layout/ProtectedRoute.tsx:20:42)
    at RenderedRoute (http://localhost:3000/node_modules/.vite/deps/react-router-dom.js?v=6ca20c62:4131:5)
    at RenderErrorBoundary (http://localhost:3000/node_modules/.vite/deps/react-router-dom.js?v=6ca20c62:4091:5)
    at DataRoutes (http://localhost:3000/node_modules/.vite/deps/react-router-dom.js?v=6ca20c62:5282:5)
    at Router (http://localhost:3000/node_modules/.vite/deps/react-router-dom.js?v=6ca20c62:4544:15)
    at RouterProvider (http://localhost:3000/node_modules/.vite/deps/react-router-dom.js?v=6ca20c62:5096:5)
    at QueryClientProvider (http://localhost:3000/node_modules/.vite/deps/@tanstack_react-query.js?v=6ca20c62:3168:3)

React will try to recreate this component tree from scratch using the error boundary you provided, RenderErrorBoundary. @ http://localhost:3000/node_modules/.vite/deps/chunk-WERSD76P.js?v=6ca20c62:14031
[   82633ms] [ERROR] React Router caught the following error during render TypeError: questions.map is not a function
    at ExamPage (http://localhost:3000/src/pages/assessments/ExamPage.tsx:709:102)
    at renderWithHooks (http://localhost:3000/node_modules/.vite/deps/chunk-WERSD76P.js?v=6ca20c62:11548:26)
    at updateFunctionComponent (http://localhost:3000/node_modules/.vite/deps/chunk-WERSD76P.js?v=6ca20c62:14582:28)
    at beginWork (http://localhost:3000/node_modules/.vite/deps/chunk-WERSD76P.js?v=6ca20c62:15924:22)
    at beginWork$1 (http://localhost:3000/node_modules/.vite/deps/chunk-WERSD76P.js?v=6ca20c62:19753:22)
    at performUnitOfWork (http://localhost:3000/node_modules/.vite/deps/chunk-WERSD76P.js?v=6ca20c62:19198:20)
    at workLoopSync (http://localhost:3000/node_modules/.vite/deps/chunk-WERSD76P.js?v=6ca20c62:19137:13)
    at renderRootSync (http://localhost:3000/node_modules/.vite/deps/chunk-WERSD76P.js?v=6ca20c62:19116:15)
    at recoverFromConcurrentError (http://localhost:3000/node_modules/.vite/deps/chunk-WERSD76P.js?v=6ca20c62:18736:28)
    at performSyncWorkOnRoot (http://localhost:3000/node_modules/.vite/deps/chunk-WERSD76P.js?v=6ca20c62:18879:28) {componentStack: 
    at ExamPage (http://localhost:3000/src/pages/…/deps/@tanstack_react-query.js?v=6ca20c62:3168:3)} @ http://localhost:3000/node_modules/.vite/deps/react-router-dom.js?v=6ca20c62:4117
[   82656ms] [ERROR] Failed to load resource: the server responded with a status of 403 (Forbidden) @ http://localhost:3000/api/v1/exams/5ffdb9ee-5ba6-4b4d-997c-6831b09a6784/submissions:0
